# JRE version: OpenJDK Runtime Environment Homebrew (21.0.6) (build 21.0.6)
# Java VM: OpenJDK 64-Bit Server VM Homebrew (21.0.6, mixed mode, sharing, tiered, compressed oops, compressed class ptrs, g1 gc, bsd-aarch64)
GC Precious Log:
 CardTable entry size: 512
 Card Set container configuration: InlinePtr #cards 5 size 8 Array Of Cards #cards 12 size 40 Howl #buckets 4 coarsen threshold 1843 Howl Bitmap #cards 512 size 80 coarsen threshold 460 Card regions per heap region 1 cards per card region 2048
 CPUs: 8 total, 8 available
 Memory: 16384M
 Large Page Support: Disabled
 NUMA Support: Disabled
 Compressed Oops: Enabled (Zero based)
 Heap Region Size: 1M
 Heap Min Capacity: 8M
 Heap Initial Capacity: 256M
 Heap Max Capacity: 1G
 Pre-touch: Disabled
 Parallel Workers: 8
 Concurrent Workers: 2
 Concurrent Refinement Workers: 8
 Periodic GC: Disabled
Heap:
 garbage-first heap   total 24576K, used 6342K [0x00000007c0000000, 0x0000000800000000)
  region size 1024K, 1 young (1024K), 0 survivors (0K)
 Metaspace       used 2383K, committed 2496K, reserved 1114112K
  class space    used 209K, committed 256K, reserved 1048576K
GC Heap History (14 events):
Event: 0.084 GC heap before
{Heap before GC invocations=0 (full 0):
 garbage-first heap   total 264192K, used 6175K [0x00000007c0000000, 0x0000000800000000)
  region size 1024K, 6 young (6144K), 0 survivors (0K)
 Metaspace       used 1399K, committed 1536K, reserved 1114112K
  class space    used 123K, committed 192K, reserved 1048576K
}
Event: 0.086 GC heap after
{Heap after GC invocations=1 (full 1):
 garbage-first heap   total 24576K, used 2060K [0x00000007c0000000, 0x0000000800000000)
  region size 1024K, 0 young (0K), 0 survivors (0K)
 Metaspace       used 1399K, committed 1536K, reserved 1114112K
  class space    used 123K, committed 192K, reserved 1048576K
}
Event: 0.147 GC heap before
{Heap before GC invocations=1 (full 1):
 garbage-first heap   total 24576K, used 10252K [0x00000007c0000000, 0x0000000800000000)
  region size 1024K, 8 young (8192K), 0 survivors (0K)
 Metaspace       used 2116K, committed 2304K, reserved 1114112K
  class space    used 182K, committed 256K, reserved 1048576K
}
Event: 0.148 GC heap after
{Heap after GC invocations=2 (full 1):
 garbage-first heap   total 24576K, used 3116K [0x00000007c0000000, 0x0000000800000000)
  region size 1024K, 1 young (1024K), 1 survivors (1024K)
 Metaspace       used 2116K, committed 2304K, reserved 1114112K
  class space    used 182K, committed 256K, reserved 1048576K
}
Event: 0.155 GC heap before
{Heap before GC invocations=2 (full 1):
 garbage-first heap   total 24576K, used 11308K [0x00000007c0000000, 0x0000000800000000)
  region size 1024K, 9 young (9216K), 1 survivors (1024K)
 Metaspace       used 2127K, committed 2304K, reserved 1114112K
  class space    used 182K, committed 256K, reserved 1048576K
}
Event: 0.156 GC heap after
{Heap after GC invocations=3 (full 1):
 garbage-first heap   total 24576K, used 3949K [0x00000007c0000000, 0x0000000800000000)
  region size 1024K, 2 young (2048K), 2 survivors (2048K)
 Metaspace       used 2127K, committed 2304K, reserved 1114112K
  class space    used 182K, committed 256K, reserved 1048576K
}
Event: 0.161 GC heap before
{Heap before GC invocations=3 (full 1):
 garbage-first heap   total 24576K, used 12141K [0x00000007c0000000, 0x0000000800000000)
  region size 1024K, 10 young (10240K), 2 survivors (2048K)
 Metaspace       used 2140K, committed 2304K, reserved 1114112K
  class space    used 182K, committed 256K, reserved 1048576K
}
Event: 0.162 GC heap after
{Heap after GC invocations=4 (full 1):
 garbage-first heap   total 24576K, used 4680K [0x00000007c0000000, 0x0000000800000000)
  region size 1024K, 2 young (2048K), 2 survivors (2048K)
 Metaspace       used 2140K, committed 2304K, reserved 1114112K
  class space    used 182K, committed 256K, reserved 1048576K
}
Event: 0.169 GC heap before
{Heap before GC invocations=4 (full 1):
 garbage-first heap   total 24576K, used 13896K [0x00000007c0000000, 0x0000000800000000)
  region size 1024K, 11 young (11264K), 2 survivors (2048K)
 Metaspace       used 2152K, committed 2304K, reserved 1114112K
  class space    used 182K, committed 256K, reserved 1048576K
}
Event: 0.171 GC heap after
{Heap after GC invocations=5 (full 1):
 garbage-first heap   total 143360K, used 5481K [0x00000007c0000000, 0x0000000800000000)
  region size 1024K, 2 young (2048K), 2 survivors (2048K)
 Metaspace       used 2152K, committed 2304K, reserved 1114112K
  class space    used 182K, committed 256K, reserved 1048576K
}
Event: 0.215 GC heap before
{Heap before GC invocations=5 (full 1):
 garbage-first heap   total 143360K, used 14697K [0x00000007c0000000, 0x0000000800000000)
  region size 1024K, 12 young (12288K), 2 survivors (2048K)
 Metaspace       used 2278K, committed 2432K, reserved 1114112K
  class space    used 193K, committed 256K, reserved 1048576K
}
Event: 0.219 GC heap after
{Heap after GC invocations=6 (full 2):
 garbage-first heap   total 24576K, used 6340K [0x00000007c0000000, 0x0000000800000000)
  region size 1024K, 0 young (0K), 0 survivors (0K)
 Metaspace       used 2278K, committed 2432K, reserved 1114112K
  class space    used 193K, committed 256K, reserved 1048576K
}
Event: 0.412 GC heap before
{Heap before GC invocations=6 (full 2):
 garbage-first heap   total 24576K, used 6340K [0x00000007c0000000, 0x0000000800000000)
  region size 1024K, 1 young (1024K), 0 survivors (0K)
 Metaspace       used 2278K, committed 2432K, reserved 1114112K
  class space    used 193K, committed 256K, reserved 1048576K
}
Event: 0.415 GC heap after
{Heap after GC invocations=7 (full 3):
 garbage-first heap   total 24576K, used 6342K [0x00000007c0000000, 0x0000000800000000)
  region size 1024K, 0 young (0K), 0 survivors (0K)
 Metaspace       used 2278K, committed 2432K, reserved 1114112K
  class space    used 193K, committed 256K, reserved 1048576K
}

